<?xml version="1.0" encoding="UTF-8"?>
<coverage generated="1775138523284" clover="3.2.0">
  <project timestamp="1775138523284" name="All files">
    <metrics statements="188" coveredstatements="186" conditionals="183" coveredconditionals="154" methods="34" coveredmethods="33" elements="405" coveredelements="373" complexity="0" loc="188" ncloc="188" packages="3" files="5" classes="5"/>
    <package name="background">
      <metrics statements="75" coveredstatements="74" conditionals="71" coveredconditionals="61" methods="10" coveredmethods="10"/>
      <file name="service-worker.js" path="/home/hoang/projects/phishing_detection/extension/background/service-worker.js">
        <metrics statements="75" coveredstatements="74" conditionals="71" coveredconditionals="61" methods="10" coveredmethods="10"/>
        <line num="24" count="1" type="stmt"/>
        <line num="25" count="1" type="stmt"/>
        <line num="32" count="16" type="stmt"/>
        <line num="40" count="9" type="cond" truecount="2" falsecount="0"/>
        <line num="47" count="1" type="stmt"/>
        <line num="48" count="5" type="stmt"/>
        <line num="49" count="5" type="cond" truecount="2" falsecount="0"/>
        <line num="51" count="4" type="stmt"/>
        <line num="52" count="4" type="stmt"/>
        <line num="53" count="4" type="stmt"/>
        <line num="54" count="4" type="stmt"/>
        <line num="55" count="3" type="cond" truecount="5" falsecount="0"/>
        <line num="56" count="2" type="stmt"/>
        <line num="60" count="1" type="stmt"/>
        <line num="68" count="1" type="stmt"/>
        <line num="70" count="1" type="stmt"/>
        <line num="71" count="4" type="cond" truecount="2" falsecount="0"/>
        <line num="73" count="3" type="stmt"/>
        <line num="74" count="3" type="cond" truecount="2" falsecount="0"/>
        <line num="76" count="2" type="stmt"/>
        <line num="77" count="2" type="stmt"/>
        <line num="79" count="1" type="stmt"/>
        <line num="87" count="1" type="stmt"/>
        <line num="88" count="10" type="cond" truecount="2" falsecount="0"/>
        <line num="89" count="4" type="stmt"/>
        <line num="90" count="4" type="stmt"/>
        <line num="93" count="6" type="cond" truecount="2" falsecount="0"/>
        <line num="94" count="1" type="stmt"/>
        <line num="95" count="1" type="stmt"/>
        <line num="98" count="5" type="cond" truecount="2" falsecount="0"/>
        <line num="100" count="4" type="stmt"/>
        <line num="101" count="4" type="stmt"/>
        <line num="105" count="4" type="stmt"/>
        <line num="106" count="4" type="stmt"/>
        <line num="108" count="4" type="stmt"/>
        <line num="114" count="4" type="cond" truecount="4" falsecount="0"/>
        <line num="115" count="3" type="stmt"/>
        <line num="116" count="3" type="stmt"/>
        <line num="117" count="3" type="stmt"/>
        <line num="118" count="3" type="stmt"/>
        <line num="123" count="1" type="cond" truecount="4" falsecount="1"/>
        <line num="124" count="1" type="stmt"/>
        <line num="127" count="2" type="stmt"/>
        <line num="133" count="4" type="stmt"/>
        <line num="135" count="4" type="cond" truecount="2" falsecount="0"/>
        <line num="136" count="1" type="stmt"/>
        <line num="137" count="1" type="stmt"/>
        <line num="140" count="3" type="stmt"/>
        <line num="141" count="3" type="stmt"/>
        <line num="148" count="2" type="cond" truecount="5" falsecount="0"/>
        <line num="150" count="1" type="stmt"/>
        <line num="151" count="1" type="stmt"/>
        <line num="152" count="1" type="stmt"/>
        <line num="153" count="1" type="cond" truecount="4" falsecount="1"/>
        <line num="156" count="1" type="stmt"/>
        <line num="158" count="0" type="stmt"/>
        <line num="161" count="1" type="stmt"/>
        <line num="170" count="10" type="cond" truecount="1" falsecount="1"/>
        <line num="171" count="10" type="stmt"/>
        <line num="172" count="10" type="cond" truecount="3" falsecount="1"/>
        <line num="173" count="9" type="cond" truecount="3" falsecount="1"/>
        <line num="174" count="8" type="stmt"/>
        <line num="178" count="12" type="cond" truecount="1" falsecount="1"/>
        <line num="179" count="12" type="stmt"/>
        <line num="180" count="12" type="cond" truecount="2" falsecount="0"/>
        <line num="181" count="11" type="cond" truecount="2" falsecount="0"/>
        <line num="182" count="10" type="cond" truecount="2" falsecount="0"/>
        <line num="183" count="9" type="cond" truecount="2" falsecount="0"/>
        <line num="184" count="8" type="stmt"/>
        <line num="192" count="12" type="cond" truecount="1" falsecount="0"/>
        <line num="193" count="12" type="stmt"/>
        <line num="199" count="12" type="stmt"/>
        <line num="200" count="12" type="stmt"/>
        <line num="204" count="1" type="cond" truecount="1" falsecount="1"/>
        <line num="205" count="1" type="stmt"/>
      </file>
    </package>
    <package name="content_scripts">
      <metrics statements="94" coveredstatements="93" conditionals="94" coveredconditionals="79" methods="19" coveredmethods="18"/>
      <file name="gmail.js" path="/home/hoang/projects/phishing_detection/extension/content_scripts/gmail.js">
        <metrics statements="42" coveredstatements="42" conditionals="41" coveredconditionals="34" methods="9" coveredmethods="9"/>
        <line num="12" count="1" type="stmt"/>
        <line num="28" count="9" type="stmt"/>
        <line num="29" count="9" type="stmt"/>
        <line num="31" count="9" type="stmt"/>
        <line num="43" count="9" type="stmt"/>
        <line num="53" count="11" type="cond" truecount="2" falsecount="0"/>
        <line num="54" count="11" type="stmt"/>
        <line num="56" count="11" type="cond" truecount="3" falsecount="1"/>
        <line num="57" count="11" type="stmt"/>
        <line num="58" count="11" type="cond" truecount="1" falsecount="1"/>
        <line num="60" count="11" type="cond" truecount="2" falsecount="0"/>
        <line num="66" count="11" type="cond" truecount="2" falsecount="0"/>
        <line num="70" count="11" type="stmt"/>
        <line num="93" count="6" type="stmt"/>
        <line num="94" count="6" type="cond" truecount="2" falsecount="0"/>
        <line num="96" count="6" type="cond" truecount="2" falsecount="0"/>
        <line num="97" count="6" type="cond" truecount="2" falsecount="0"/>
        <line num="99" count="5" type="stmt"/>
        <line num="100" count="5" type="stmt"/>
        <line num="101" count="5" type="stmt"/>
        <line num="106" count="5" type="stmt"/>
        <line num="107" count="5" type="cond" truecount="2" falsecount="0"/>
        <line num="112" count="3" type="stmt"/>
        <line num="113" count="3" type="cond" truecount="1" falsecount="1"/>
        <line num="115" count="3" type="cond" truecount="1" falsecount="1"/>
        <line num="116" count="3" type="cond" truecount="1" falsecount="1"/>
        <line num="118" count="3" type="stmt"/>
        <line num="119" count="3" type="stmt"/>
        <line num="137" count="3" type="stmt"/>
        <line num="152" count="1" type="stmt"/>
        <line num="154" count="1" type="stmt"/>
        <line num="155" count="33" type="stmt"/>
        <line num="156" count="33" type="cond" truecount="2" falsecount="0"/>
        <line num="158" count="10" type="stmt"/>
        <line num="159" count="10" type="cond" truecount="4" falsecount="0"/>
        <line num="160" count="4" type="stmt"/>
        <line num="161" count="4" type="stmt"/>
        <line num="165" count="1" type="stmt"/>
        <line num="166" count="1" type="stmt"/>
        <line num="174" count="1" type="stmt"/>
        <line num="221" count="1" type="cond" truecount="1" falsecount="1"/>
        <line num="222" count="1" type="stmt"/>
      </file>
      <file name="outlook.js" path="/home/hoang/projects/phishing_detection/extension/content_scripts/outlook.js">
        <metrics statements="41" coveredstatements="40" conditionals="43" coveredconditionals="35" methods="9" coveredmethods="8"/>
        <line num="11" count="1" type="stmt"/>
        <line num="28" count="8" type="stmt"/>
        <line num="29" count="8" type="cond" truecount="2" falsecount="0"/>
        <line num="32" count="8" type="stmt"/>
        <line num="44" count="7" type="stmt"/>
        <line num="54" count="11" type="cond" truecount="2" falsecount="0"/>
        <line num="55" count="11" type="stmt"/>
        <line num="57" count="11" type="cond" truecount="3" falsecount="1"/>
        <line num="58" count="11" type="cond" truecount="1" falsecount="1"/>
        <line num="60" count="11" type="cond" truecount="2" falsecount="0"/>
        <line num="66" count="11" type="cond" truecount="1" falsecount="1"/>
        <line num="70" count="11" type="stmt"/>
        <line num="93" count="7" type="stmt"/>
        <line num="94" count="7" type="cond" truecount="2" falsecount="0"/>
        <line num="96" count="7" type="cond" truecount="2" falsecount="0"/>
        <line num="98" count="7" type="cond" truecount="2" falsecount="0"/>
        <line num="100" count="6" type="stmt"/>
        <line num="101" count="6" type="stmt"/>
        <line num="102" count="6" type="stmt"/>
        <line num="107" count="5" type="stmt"/>
        <line num="108" count="5" type="cond" truecount="2" falsecount="0"/>
        <line num="113" count="3" type="stmt"/>
        <line num="114" count="3" type="cond" truecount="1" falsecount="1"/>
        <line num="116" count="3" type="cond" truecount="1" falsecount="1"/>
        <line num="118" count="3" type="cond" truecount="1" falsecount="1"/>
        <line num="120" count="3" type="stmt"/>
        <line num="121" count="3" type="stmt"/>
        <line num="139" count="3" type="stmt"/>
        <line num="152" count="1" type="stmt"/>
        <line num="154" count="1" type="stmt"/>
        <line num="155" count="36" type="stmt"/>
        <line num="156" count="36" type="cond" truecount="2" falsecount="0"/>
        <line num="158" count="10" type="stmt"/>
        <line num="159" count="10" type="cond" truecount="4" falsecount="0"/>
        <line num="160" count="3" type="stmt"/>
        <line num="161" count="3" type="stmt"/>
        <line num="165" count="1" type="stmt"/>
        <line num="166" count="1" type="stmt"/>
        <line num="174" count="0" type="stmt"/>
        <line num="220" count="1" type="cond" truecount="1" falsecount="1"/>
        <line num="221" count="1" type="stmt"/>
      </file>
      <file name="sentra_bridge.js" path="/home/hoang/projects/phishing_detection/extension/content_scripts/sentra_bridge.js">
        <metrics statements="11" coveredstatements="11" conditionals="10" coveredconditionals="10" methods="1" coveredmethods="1"/>
        <line num="11" count="6" type="stmt"/>
        <line num="12" count="6" type="stmt"/>
        <line num="14" count="6" type="cond" truecount="4" falsecount="0"/>
        <line num="16" count="2" type="stmt"/>
        <line num="17" count="2" type="stmt"/>
        <line num="21" count="4" type="stmt"/>
        <line num="22" count="4" type="stmt"/>
        <line num="24" count="1" type="stmt"/>
        <line num="27" count="3" type="cond" truecount="4" falsecount="0"/>
        <line num="28" count="2" type="stmt"/>
        <line num="34" count="1" type="stmt"/>
      </file>
    </package>
    <package name="utils">
      <metrics statements="19" coveredstatements="19" conditionals="18" coveredconditionals="14" methods="5" coveredmethods="5"/>
      <file name="api.js" path="/home/hoang/projects/phishing_detection/extension/utils/api.js">
        <metrics statements="19" coveredstatements="19" conditionals="18" coveredconditionals="14" methods="5" coveredmethods="5"/>
        <line num="7" count="2" type="stmt"/>
        <line num="19" count="9" type="stmt"/>
        <line num="27" count="8" type="cond" truecount="2" falsecount="0"/>
        <line num="28" count="6" type="stmt"/>
        <line num="41" count="12" type="stmt"/>
        <line num="49" count="9" type="cond" truecount="2" falsecount="0"/>
        <line num="50" count="8" type="stmt"/>
        <line num="62" count="7" type="stmt"/>
        <line num="67" count="6" type="cond" truecount="2" falsecount="0"/>
        <line num="68" count="5" type="stmt"/>
        <line num="82" count="6" type="stmt"/>
        <line num="83" count="9" type="stmt"/>
        <line num="84" count="9" type="stmt"/>
        <line num="87" count="9" type="cond" truecount="2" falsecount="0"/>
        <line num="88" count="8" type="stmt"/>
        <line num="89" count="8" type="cond" truecount="1" falsecount="1"/>
        <line num="90" count="8" type="cond" truecount="2" falsecount="0"/>
        <line num="91" count="5" type="cond" truecount="3" falsecount="1"/>
        <line num="94" count="1" type="stmt"/>
      </file>
    </package>
  </project>
</coverage>
