{"/Users/thinwyyyy/phishing_detection/extension/background/service-worker.js": {"path":"/Users/thinwyyyy/phishing_detection/extension/background/service-worker.js","statementMap":{"0":{"start":{"line":24,"column":24},"end":{"line":24,"column":35}},"1":{"start":{"line":25,"column":33},"end":{"line":25,"column":34}},"2":{"start":{"line":32,"column":2},"end":{"line":36,"column":5}},"3":{"start":{"line":40,"column":2},"end":{"line":40,"column":55}},"4":{"start":{"line":47,"column":0},"end":{"line":62,"column":3}},"5":{"start":{"line":48,"column":17},"end":{"line":48,"column":36}},"6":{"start":{"line":49,"column":2},"end":{"line":49,"column":40}},"7":{"start":{"line":49,"column":33},"end":{"line":49,"column":40}},"8":{"start":{"line":51,"column":2},"end":{"line":61,"column":3}},"9":{"start":{"line":52,"column":20},"end":{"line":52,"column":36}},"10":{"start":{"line":53,"column":20},"end":{"line":53,"column":31}},"11":{"start":{"line":54,"column":19},"end":{"line":54,"column":111}},"12":{"start":{"line":55,"column":4},"end":{"line":57,"column":5}},"13":{"start":{"line":56,"column":6},"end":{"line":56,"column":92}},"14":{"start":{"line":60,"column":4},"end":{"line":60,"column":72}},"15":{"start":{"line":68,"column":0},"end":{"line":68,"column":85}},"16":{"start":{"line":70,"column":0},"end":{"line":81,"column":3}},"17":{"start":{"line":71,"column":2},"end":{"line":71,"column":45}},"18":{"start":{"line":71,"column":38},"end":{"line":71,"column":45}},"19":{"start":{"line":73,"column":17},"end":{"line":73,"column":36}},"20":{"start":{"line":74,"column":2},"end":{"line":74,"column":44}},"21":{"start":{"line":74,"column":37},"end":{"line":74,"column":44}},"22":{"start":{"line":76,"column":2},"end":{"line":80,"column":3}},"23":{"start":{"line":77,"column":4},"end":{"line":77,"column":76}},"24":{"start":{"line":79,"column":4},"end":{"line":79,"column":60}},"25":{"start":{"line":87,"column":0},"end":{"line":102,"column":3}},"26":{"start":{"line":88,"column":2},"end":{"line":91,"column":3}},"27":{"start":{"line":89,"column":4},"end":{"line":89,"column":33}},"28":{"start":{"line":90,"column":4},"end":{"line":90,"column":17}},"29":{"start":{"line":93,"column":2},"end":{"line":96,"column":3}},"30":{"start":{"line":94,"column":4},"end":{"line":94,"column":76}},"31":{"start":{"line":95,"column":4},"end":{"line":95,"column":17}},"32":{"start":{"line":98,"column":2},"end":{"line":98,"column":50}},"33":{"start":{"line":98,"column":37},"end":{"line":98,"column":50}},"34":{"start":{"line":100,"column":2},"end":{"line":100,"column":44}},"35":{"start":{"line":101,"column":2},"end":{"line":101,"column":14}},"36":{"start":{"line":105,"column":17},"end":{"line":105,"column":36}},"37":{"start":{"line":106,"column":23},"end":{"line":106,"column":65}},"38":{"start":{"line":108,"column":2},"end":{"line":111,"column":5}},"39":{"start":{"line":114,"column":2},"end":{"line":129,"column":3}},"40":{"start":{"line":115,"column":4},"end":{"line":128,"column":5}},"41":{"start":{"line":116,"column":22},"end":{"line":116,"column":38}},"42":{"start":{"line":117,"column":22},"end":{"line":117,"column":33}},"43":{"start":{"line":118,"column":21},"end":{"line":122,"column":7}},"44":{"start":{"line":123,"column":6},"end":{"line":125,"column":7}},"45":{"start":{"line":124,"column":8},"end":{"line":124,"column":94}},"46":{"start":{"line":127,"column":6},"end":{"line":127,"column":70}},"47":{"start":{"line":133,"column":17},"end":{"line":133,"column":36}},"48":{"start":{"line":135,"column":2},"end":{"line":138,"column":3}},"49":{"start":{"line":136,"column":4},"end":{"line":136,"column":87}},"50":{"start":{"line":137,"column":4},"end":{"line":137,"column":11}},"51":{"start":{"line":140,"column":2},"end":{"line":162,"column":3}},"52":{"start":{"line":141,"column":19},"end":{"line":146,"column":5}},"53":{"start":{"line":148,"column":4},"end":{"line":159,"column":5}},"54":{"start":{"line":150,"column":26},"end":{"line":150,"column":37}},"55":{"start":{"line":151,"column":6},"end":{"line":151,"column":91}},"56":{"start":{"line":152,"column":6},"end":{"line":152,"column":32}},"57":{"start":{"line":153,"column":11},"end":{"line":159,"column":5}},"58":{"start":{"line":156,"column":6},"end":{"line":156,"column":84}},"59":{"start":{"line":158,"column":6},"end":{"line":158,"column":80}},"60":{"start":{"line":161,"column":4},"end":{"line":161,"column":75}},"61":{"start":{"line":170,"column":2},"end":{"line":170,"column":57}},"62":{"start":{"line":170,"column":40},"end":{"line":170,"column":57}},"63":{"start":{"line":171,"column":13},"end":{"line":171,"column":32}},"64":{"start":{"line":172,"column":2},"end":{"line":172,"column":88}},"65":{"start":{"line":172,"column":27},"end":{"line":172,"column":88}},"66":{"start":{"line":173,"column":2},"end":{"line":173,"column":96}},"67":{"start":{"line":173,"column":30},"end":{"line":173,"column":96}},"68":{"start":{"line":174,"column":2},"end":{"line":174,"column":19}},"69":{"start":{"line":178,"column":2},"end":{"line":178,"column":57}},"70":{"start":{"line":178,"column":40},"end":{"line":178,"column":57}},"71":{"start":{"line":179,"column":13},"end":{"line":179,"column":32}},"72":{"start":{"line":180,"column":2},"end":{"line":180,"column":61}},"73":{"start":{"line":180,"column":38},"end":{"line":180,"column":61}},"74":{"start":{"line":181,"column":2},"end":{"line":181,"column":47}},"75":{"start":{"line":181,"column":30},"end":{"line":181,"column":47}},"76":{"start":{"line":182,"column":2},"end":{"line":182,"column":46}},"77":{"start":{"line":182,"column":31},"end":{"line":182,"column":46}},"78":{"start":{"line":183,"column":2},"end":{"line":183,"column":43}},"79":{"start":{"line":183,"column":28},"end":{"line":183,"column":43}},"80":{"start":{"line":184,"column":2},"end":{"line":184,"column":19}},"81":{"start":{"line":192,"column":49},"end":{"line":192,"column":102}},"82":{"start":{"line":193,"column":16},"end":{"line":198,"column":3}},"83":{"start":{"line":199,"column":18},"end":{"line":199,"column":50}},"84":{"start":{"line":200,"column":2},"end":{"line":200,"column":67}},"85":{"start":{"line":204,"column":0},"end":{"line":206,"column":1}},"86":{"start":{"line":205,"column":2},"end":{"line":205,"column":108}}},"fnMap":{"0":{"name":"_getStorage","decl":{"start":{"line":31,"column":15},"end":{"line":31,"column":26}},"loc":{"start":{"line":31,"column":29},"end":{"line":37,"column":1}},"line":31},"1":{"name":"_apiUrl","decl":{"start":{"line":39,"column":9},"end":{"line":39,"column":16}},"loc":{"start":{"line":39,"column":25},"end":{"line":41,"column":1}},"line":39},"2":{"name":"(anonymous_2)","decl":{"start":{"line":47,"column":39},"end":{"line":47,"column":40}},"loc":{"start":{"line":47,"column":58},"end":{"line":62,"column":1}},"line":47},"3":{"name":"(anonymous_3)","decl":{"start":{"line":70,"column":34},"end":{"line":70,"column":35}},"loc":{"start":{"line":70,"column":51},"end":{"line":81,"column":1}},"line":70},"4":{"name":"(anonymous_4)","decl":{"start":{"line":87,"column":37},"end":{"line":87,"column":38}},"loc":{"start":{"line":87,"column":72},"end":{"line":102,"column":1}},"line":87},"5":{"name":"_handleSetAuthToken","decl":{"start":{"line":104,"column":15},"end":{"line":104,"column":34}},"loc":{"start":{"line":104,"column":44},"end":{"line":130,"column":1}},"line":104},"6":{"name":"_handleScanRequest","decl":{"start":{"line":132,"column":15},"end":{"line":132,"column":33}},"loc":{"start":{"line":132,"column":57},"end":{"line":163,"column":1}},"line":132},"7":{"name":"_detectBrowser","decl":{"start":{"line":169,"column":9},"end":{"line":169,"column":23}},"loc":{"start":{"line":169,"column":26},"end":{"line":175,"column":1}},"line":169},"8":{"name":"_detectOS","decl":{"start":{"line":177,"column":9},"end":{"line":177,"column":18}},"loc":{"start":{"line":177,"column":21},"end":{"line":185,"column":1}},"line":177},"9":{"name":"_cacheScanResult","decl":{"start":{"line":191,"column":15},"end":{"line":191,"column":31}},"loc":{"start":{"line":191,"column":62},"end":{"line":201,"column":1}},"line":191}},"branchMap":{"0":{"loc":{"start":{"line":40,"column":9},"end":{"line":40,"column":54}},"type":"binary-expr","locations":[{"start":{"line":40,"column":9},"end":{"line":40,"column":30}},{"start":{"line":40,"column":34},"end":{"line":40,"column":54}}],"line":40},"1":{"loc":{"start":{"line":49,"column":2},"end":{"line":49,"column":40}},"type":"if","locations":[{"start":{"line":49,"column":2},"end":{"line":49,"column":40}},{"start":{},"end":{}}],"line":49},"2":{"loc":{"start":{"line":55,"column":4},"end":{"line":57,"column":5}},"type":"if","locations":[{"start":{"line":55,"column":4},"end":{"line":57,"column":5}},{"start":{},"end":{}}],"line":55},"3":{"loc":{"start":{"line":55,"column":8},"end":{"line":55,"column":59}},"type":"binary-expr","locations":[{"start":{"line":55,"column":8},"end":{"line":55,"column":14}},{"start":{"line":55,"column":18},"end":{"line":55,"column":29}},{"start":{"line":55,"column":33},"end":{"line":55,"column":59}}],"line":55},"4":{"loc":{"start":{"line":71,"column":2},"end":{"line":71,"column":45}},"type":"if","locations":[{"start":{"line":71,"column":2},"end":{"line":71,"column":45}},{"start":{},"end":{}}],"line":71},"5":{"loc":{"start":{"line":74,"column":2},"end":{"line":74,"column":44}},"type":"if","locations":[{"start":{"line":74,"column":2},"end":{"line":74,"column":44}},{"start":{},"end":{}}],"line":74},"6":{"loc":{"start":{"line":88,"column":2},"end":{"line":91,"column":3}},"type":"if","locations":[{"start":{"line":88,"column":2},"end":{"line":91,"column":3}},{"start":{},"end":{}}],"line":88},"7":{"loc":{"start":{"line":93,"column":2},"end":{"line":96,"column":3}},"type":"if","locations":[{"start":{"line":93,"column":2},"end":{"line":96,"column":3}},{"start":{},"end":{}}],"line":93},"8":{"loc":{"start":{"line":98,"column":2},"end":{"line":98,"column":50}},"type":"if","locations":[{"start":{"line":98,"column":2},"end":{"line":98,"column":50}},{"start":{},"end":{}}],"line":98},"9":{"loc":{"start":{"line":114,"column":2},"end":{"line":129,"column":3}},"type":"if","locations":[{"start":{"line":114,"column":2},"end":{"line":129,"column":3}},{"start":{},"end":{}}],"line":114},"10":{"loc":{"start":{"line":114,"column":6},"end":{"line":114,"column":51}},"type":"binary-expr","locations":[{"start":{"line":114,"column":6},"end":{"line":114,"column":35}},{"start":{"line":114,"column":39},"end":{"line":114,"column":51}}],"line":114},"11":{"loc":{"start":{"line":123,"column":6},"end":{"line":125,"column":7}},"type":"if","locations":[{"start":{"line":123,"column":6},"end":{"line":125,"column":7}},{"start":{},"end":{}}],"line":123},"12":{"loc":{"start":{"line":123,"column":10},"end":{"line":123,"column":61}},"type":"binary-expr","locations":[{"start":{"line":123,"column":10},"end":{"line":123,"column":16}},{"start":{"line":123,"column":20},"end":{"line":123,"column":31}},{"start":{"line":123,"column":35},"end":{"line":123,"column":61}}],"line":123},"13":{"loc":{"start":{"line":135,"column":2},"end":{"line":138,"column":3}},"type":"if","locations":[{"start":{"line":135,"column":2},"end":{"line":138,"column":3}},{"start":{},"end":{}}],"line":135},"14":{"loc":{"start":{"line":144,"column":6},"end":{"line":144,"column":27}},"type":"binary-expr","locations":[{"start":{"line":144,"column":6},"end":{"line":144,"column":21}},{"start":{"line":144,"column":25},"end":{"line":144,"column":27}}],"line":144},"15":{"loc":{"start":{"line":145,"column":6},"end":{"line":145,"column":24}},"type":"binary-expr","locations":[{"start":{"line":145,"column":6},"end":{"line":145,"column":18}},{"start":{"line":145,"column":22},"end":{"line":145,"column":24}}],"line":145},"16":{"loc":{"start":{"line":148,"column":4},"end":{"line":159,"column":5}},"type":"if","locations":[{"start":{"line":148,"column":4},"end":{"line":159,"column":5}},{"start":{"line":153,"column":11},"end":{"line":159,"column":5}}],"line":148},"17":{"loc":{"start":{"line":148,"column":8},"end":{"line":148,"column":66}},"type":"binary-expr","locations":[{"start":{"line":148,"column":8},"end":{"line":148,"column":14}},{"start":{"line":148,"column":18},"end":{"line":148,"column":29}},{"start":{"line":148,"column":33},"end":{"line":148,"column":66}}],"line":148},"18":{"loc":{"start":{"line":153,"column":11},"end":{"line":159,"column":5}},"type":"if","locations":[{"start":{"line":153,"column":11},"end":{"line":159,"column":5}},{"start":{"line":157,"column":11},"end":{"line":159,"column":5}}],"line":153},"19":{"loc":{"start":{"line":153,"column":15},"end":{"line":153,"column":58}},"type":"binary-expr","locations":[{"start":{"line":153,"column":15},"end":{"line":153,"column":21}},{"start":{"line":153,"column":25},"end":{"line":153,"column":36}},{"start":{"line":153,"column":40},"end":{"line":153,"column":58}}],"line":153},"20":{"loc":{"start":{"line":170,"column":2},"end":{"line":170,"column":57}},"type":"if","locations":[{"start":{"line":170,"column":2},"end":{"line":170,"column":57}},{"start":{},"end":{}}],"line":170},"21":{"loc":{"start":{"line":172,"column":2},"end":{"line":172,"column":88}},"type":"if","locations":[{"start":{"line":172,"column":2},"end":{"line":172,"column":88}},{"start":{},"end":{}}],"line":172},"22":{"loc":{"start":{"line":172,"column":42},"end":{"line":172,"column":78}},"type":"binary-expr","locations":[{"start":{"line":172,"column":42},"end":{"line":172,"column":72}},{"start":{"line":172,"column":76},"end":{"line":172,"column":78}}],"line":172},"23":{"loc":{"start":{"line":173,"column":2},"end":{"line":173,"column":96}},"type":"if","locations":[{"start":{"line":173,"column":2},"end":{"line":173,"column":96}},{"start":{},"end":{}}],"line":173},"24":{"loc":{"start":{"line":173,"column":47},"end":{"line":173,"column":86}},"type":"binary-expr","locations":[{"start":{"line":173,"column":47},"end":{"line":173,"column":80}},{"start":{"line":173,"column":84},"end":{"line":173,"column":86}}],"line":173},"25":{"loc":{"start":{"line":178,"column":2},"end":{"line":178,"column":57}},"type":"if","locations":[{"start":{"line":178,"column":2},"end":{"line":178,"column":57}},{"start":{},"end":{}}],"line":178},"26":{"loc":{"start":{"line":180,"column":2},"end":{"line":180,"column":61}},"type":"if","locations":[{"start":{"line":180,"column":2},"end":{"line":180,"column":61}},{"start":{},"end":{}}],"line":180},"27":{"loc":{"start":{"line":181,"column":2},"end":{"line":181,"column":47}},"type":"if","locations":[{"start":{"line":181,"column":2},"end":{"line":181,"column":47}},{"start":{},"end":{}}],"line":181},"28":{"loc":{"start":{"line":182,"column":2},"end":{"line":182,"column":46}},"type":"if","locations":[{"start":{"line":182,"column":2},"end":{"line":182,"column":46}},{"start":{},"end":{}}],"line":182},"29":{"loc":{"start":{"line":183,"column":2},"end":{"line":183,"column":43}},"type":"if","locations":[{"start":{"line":183,"column":2},"end":{"line":183,"column":43}},{"start":{},"end":{}}],"line":183},"30":{"loc":{"start":{"line":192,"column":31},"end":{"line":192,"column":44}},"type":"default-arg","locations":[{"start":{"line":192,"column":42},"end":{"line":192,"column":44}}],"line":192},"31":{"loc":{"start":{"line":194,"column":13},"end":{"line":194,"column":59}},"type":"binary-expr","locations":[{"start":{"line":194,"column":13},"end":{"line":194,"column":41}},{"start":{"line":194,"column":45},"end":{"line":194,"column":59}}],"line":194},"32":{"loc":{"start":{"line":194,"column":14},"end":{"line":194,"column":27}},"type":"binary-expr","locations":[{"start":{"line":194,"column":14},"end":{"line":194,"column":21}},{"start":{"line":194,"column":25},"end":{"line":194,"column":27}}],"line":194},"33":{"loc":{"start":{"line":204,"column":0},"end":{"line":206,"column":1}},"type":"if","locations":[{"start":{"line":204,"column":0},"end":{"line":206,"column":1}},{"start":{},"end":{}}],"line":204}},"s":{"0":1,"1":1,"2":16,"3":9,"4":1,"5":5,"6":5,"7":1,"8":4,"9":4,"10":4,"11":4,"12":3,"13":2,"14":1,"15":1,"16":1,"17":4,"18":1,"19":3,"20":3,"21":1,"22":2,"23":2,"24":1,"25":1,"26":10,"27":4,"28":4,"29":6,"30":1,"31":1,"32":5,"33":1,"34":4,"35":4,"36":4,"37":4,"38":4,"39":4,"40":3,"41":3,"42":3,"43":3,"44":1,"45":1,"46":2,"47":4,"48":4,"49":1,"50":1,"51":3,"52":3,"53":2,"54":1,"55":1,"56":1,"57":1,"58":1,"59":0,"60":1,"61":10,"62":0,"63":10,"64":10,"65":1,"66":9,"67":1,"68":8,"69":12,"70":0,"71":12,"72":12,"73":1,"74":11,"75":1,"76":10,"77":1,"78":9,"79":1,"80":8,"81":12,"82":12,"83":12,"84":12,"85":1,"86":1},"f":{"0":16,"1":9,"2":5,"3":4,"4":10,"5":4,"6":4,"7":10,"8":12,"9":12},"b":{"0":[9,5],"1":[1,4],"2":[2,1],"3":[3,3,3],"4":[1,3],"5":[1,2],"6":[4,6],"7":[1,5],"8":[1,4],"9":[3,1],"10":[4,1],"11":[1,0],"12":[1,1,1],"13":[1,3],"14":[3,1],"15":[3,0],"16":[1,1],"17":[2,2,2],"18":[1,0],"19":[1,1,1],"20":[0,10],"21":[1,9],"22":[1,0],"23":[1,8],"24":[1,0],"25":[0,12],"26":[1,11],"27":[1,10],"28":[1,9],"29":[1,8],"30":[5],"31":[12,0],"32":[12,0],"33":[1,0]},"_coverageSchema":"1a1c01bbd47fc00a2c39e90264f33305004495a9","hash":"44cdf28e15870aa8d94c24ba55b25a458733228b"}
,"/Users/thinwyyyy/phishing_detection/extension/content_scripts/gmail.js": {"path":"/Users/thinwyyyy/phishing_detection/extension/content_scripts/gmail.js","statementMap":{"0":{"start":{"line":12,"column":19},"end":{"line":12,"column":44}},"1":{"start":{"line":28,"column":20},"end":{"line":28,"column":51}},"2":{"start":{"line":29,"column":17},"end":{"line":29,"column":51}},"3":{"start":{"line":31,"column":2},"end":{"line":34,"column":4}},"4":{"start":{"line":43,"column":2},"end":{"line":43,"column":20}},"5":{"start":{"line":53,"column":23},"end":{"line":53,"column":78}},"6":{"start":{"line":54,"column":23},"end":{"line":54,"column":47}},"7":{"start":{"line":56,"column":20},"end":{"line":56,"column":81}},"8":{"start":{"line":57,"column":20},"end":{"line":57,"column":29}},"9":{"start":{"line":58,"column":20},"end":{"line":58,"column":55}},"10":{"start":{"line":60,"column":16},"end":{"line":64,"column":36}},"11":{"start":{"line":66,"column":14},"end":{"line":66,"column":43}},"12":{"start":{"line":67,"column":2},"end":{"line":67,"column":22}},"13":{"start":{"line":68,"column":2},"end":{"line":81,"column":4}},"14":{"start":{"line":83,"column":15},"end":{"line":83,"column":45}},"15":{"start":{"line":84,"column":2},"end":{"line":84,"column":53}},"16":{"start":{"line":85,"column":2},"end":{"line":85,"column":24}},"17":{"start":{"line":87,"column":2},"end":{"line":92,"column":3}},"18":{"start":{"line":88,"column":22},"end":{"line":88,"column":51}},"19":{"start":{"line":89,"column":4},"end":{"line":89,"column":75}},"20":{"start":{"line":90,"column":4},"end":{"line":90,"column":38}},"21":{"start":{"line":91,"column":4},"end":{"line":91,"column":31}},"22":{"start":{"line":94,"column":2},"end":{"line":94,"column":13}},"23":{"start":{"line":99,"column":19},"end":{"line":99,"column":54}},"24":{"start":{"line":100,"column":2},"end":{"line":100,"column":34}},"25":{"start":{"line":100,"column":16},"end":{"line":100,"column":34}},"26":{"start":{"line":102,"column":20},"end":{"line":102,"column":83}},"27":{"start":{"line":103,"column":2},"end":{"line":103,"column":25}},"28":{"start":{"line":103,"column":18},"end":{"line":103,"column":25}},"29":{"start":{"line":105,"column":25},"end":{"line":105,"column":57}},"30":{"start":{"line":106,"column":2},"end":{"line":106,"column":36}},"31":{"start":{"line":111,"column":13},"end":{"line":111,"column":48}},"32":{"start":{"line":112,"column":2},"end":{"line":112,"column":22}},"33":{"start":{"line":112,"column":10},"end":{"line":112,"column":22}},"34":{"start":{"line":117,"column":19},"end":{"line":117,"column":54}},"35":{"start":{"line":118,"column":2},"end":{"line":118,"column":34}},"36":{"start":{"line":118,"column":16},"end":{"line":118,"column":34}},"37":{"start":{"line":120,"column":20},"end":{"line":120,"column":83}},"38":{"start":{"line":121,"column":2},"end":{"line":121,"column":25}},"39":{"start":{"line":121,"column":18},"end":{"line":121,"column":25}},"40":{"start":{"line":123,"column":18},"end":{"line":123,"column":47}},"41":{"start":{"line":124,"column":2},"end":{"line":141,"column":11}},"42":{"start":{"line":142,"column":2},"end":{"line":142,"column":40}},"43":{"start":{"line":157,"column":20},"end":{"line":157,"column":22}},"44":{"start":{"line":159,"column":19},"end":{"line":168,"column":4}},"45":{"start":{"line":160,"column":22},"end":{"line":160,"column":53}},"46":{"start":{"line":161,"column":4},"end":{"line":161,"column":27}},"47":{"start":{"line":161,"column":20},"end":{"line":161,"column":27}},"48":{"start":{"line":163,"column":20},"end":{"line":163,"column":48}},"49":{"start":{"line":164,"column":4},"end":{"line":167,"column":5}},"50":{"start":{"line":165,"column":6},"end":{"line":165,"column":28}},"51":{"start":{"line":166,"column":6},"end":{"line":166,"column":20}},"52":{"start":{"line":170,"column":2},"end":{"line":170,"column":70}},"53":{"start":{"line":171,"column":2},"end":{"line":171,"column":18}},"54":{"start":{"line":179,"column":2},"end":{"line":183,"column":29}},"55":{"start":{"line":259,"column":0},"end":{"line":261,"column":1}},"56":{"start":{"line":260,"column":2},"end":{"line":260,"column":143}}},"fnMap":{"0":{"name":"extractEmailFromDOM","decl":{"start":{"line":27,"column":9},"end":{"line":27,"column":28}},"loc":{"start":{"line":27,"column":31},"end":{"line":35,"column":1}},"line":27},"1":{"name":"getOverlayId","decl":{"start":{"line":42,"column":9},"end":{"line":42,"column":21}},"loc":{"start":{"line":42,"column":24},"end":{"line":44,"column":1}},"line":42},"2":{"name":"buildOverlayElement","decl":{"start":{"line":52,"column":9},"end":{"line":52,"column":28}},"loc":{"start":{"line":52,"column":65},"end":{"line":95,"column":1}},"line":52},"3":{"name":"injectOverlay","decl":{"start":{"line":98,"column":9},"end":{"line":98,"column":22}},"loc":{"start":{"line":98,"column":36},"end":{"line":107,"column":1}},"line":98},"4":{"name":"removeOverlay","decl":{"start":{"line":110,"column":9},"end":{"line":110,"column":22}},"loc":{"start":{"line":110,"column":25},"end":{"line":113,"column":1}},"line":110},"5":{"name":"injectScanning","decl":{"start":{"line":116,"column":9},"end":{"line":116,"column":23}},"loc":{"start":{"line":116,"column":26},"end":{"line":143,"column":1}},"line":116},"6":{"name":"watchForEmailOpen","decl":{"start":{"line":156,"column":9},"end":{"line":156,"column":26}},"loc":{"start":{"line":156,"column":40},"end":{"line":172,"column":1}},"line":156},"7":{"name":"(anonymous_7)","decl":{"start":{"line":159,"column":40},"end":{"line":159,"column":41}},"loc":{"start":{"line":159,"column":46},"end":{"line":168,"column":3}},"line":159},"8":{"name":"_escapeHtml","decl":{"start":{"line":178,"column":9},"end":{"line":178,"column":20}},"loc":{"start":{"line":178,"column":26},"end":{"line":184,"column":1}},"line":178}},"branchMap":{"0":{"loc":{"start":{"line":32,"column":14},"end":{"line":32,"column":42}},"type":"binary-expr","locations":[{"start":{"line":32,"column":14},"end":{"line":32,"column":36}},{"start":{"line":32,"column":40},"end":{"line":32,"column":42}}],"line":32},"1":{"loc":{"start":{"line":33,"column":14},"end":{"line":33,"column":62}},"type":"binary-expr","locations":[{"start":{"line":33,"column":14},"end":{"line":33,"column":31}},{"start":{"line":33,"column":37},"end":{"line":33,"column":56}},{"start":{"line":33,"column":60},"end":{"line":33,"column":62}}],"line":33},"2":{"loc":{"start":{"line":53,"column":23},"end":{"line":53,"column":78}},"type":"binary-expr","locations":[{"start":{"line":53,"column":23},"end":{"line":53,"column":45}},{"start":{"line":53,"column":49},"end":{"line":53,"column":78}}],"line":53},"3":{"loc":{"start":{"line":56,"column":20},"end":{"line":56,"column":81}},"type":"cond-expr","locations":[{"start":{"line":56,"column":33},"end":{"line":56,"column":42}},{"start":{"line":56,"column":45},"end":{"line":56,"column":81}}],"line":56},"4":{"loc":{"start":{"line":56,"column":45},"end":{"line":56,"column":81}},"type":"cond-expr","locations":[{"start":{"line":56,"column":60},"end":{"line":56,"column":69}},{"start":{"line":56,"column":72},"end":{"line":56,"column":81}}],"line":56},"5":{"loc":{"start":{"line":58,"column":32},"end":{"line":58,"column":47}},"type":"binary-expr","locations":[{"start":{"line":58,"column":32},"end":{"line":58,"column":42}},{"start":{"line":58,"column":46},"end":{"line":58,"column":47}}],"line":58},"6":{"loc":{"start":{"line":60,"column":16},"end":{"line":64,"column":36}},"type":"cond-expr","locations":[{"start":{"line":61,"column":6},"end":{"line":61,"column":35}},{"start":{"line":62,"column":6},"end":{"line":64,"column":36}}],"line":60},"7":{"loc":{"start":{"line":62,"column":6},"end":{"line":64,"column":36}},"type":"cond-expr","locations":[{"start":{"line":63,"column":8},"end":{"line":63,"column":36}},{"start":{"line":64,"column":8},"end":{"line":64,"column":36}}],"line":62},"8":{"loc":{"start":{"line":87,"column":2},"end":{"line":92,"column":3}},"type":"if","locations":[{"start":{"line":87,"column":2},"end":{"line":92,"column":3}},{"start":{},"end":{}}],"line":87},"9":{"loc":{"start":{"line":100,"column":2},"end":{"line":100,"column":34}},"type":"if","locations":[{"start":{"line":100,"column":2},"end":{"line":100,"column":34}},{"start":{},"end":{}}],"line":100},"10":{"loc":{"start":{"line":102,"column":20},"end":{"line":102,"column":83}},"type":"binary-expr","locations":[{"start":{"line":102,"column":20},"end":{"line":102,"column":50}},{"start":{"line":102,"column":54},"end":{"line":102,"column":83}}],"line":102},"11":{"loc":{"start":{"line":103,"column":2},"end":{"line":103,"column":25}},"type":"if","locations":[{"start":{"line":103,"column":2},"end":{"line":103,"column":25}},{"start":{},"end":{}}],"line":103},"12":{"loc":{"start":{"line":112,"column":2},"end":{"line":112,"column":22}},"type":"if","locations":[{"start":{"line":112,"column":2},"end":{"line":112,"column":22}},{"start":{},"end":{}}],"line":112},"13":{"loc":{"start":{"line":118,"column":2},"end":{"line":118,"column":34}},"type":"if","locations":[{"start":{"line":118,"column":2},"end":{"line":118,"column":34}},{"start":{},"end":{}}],"line":118},"14":{"loc":{"start":{"line":120,"column":20},"end":{"line":120,"column":83}},"type":"binary-expr","locations":[{"start":{"line":120,"column":20},"end":{"line":120,"column":50}},{"start":{"line":120,"column":54},"end":{"line":120,"column":83}}],"line":120},"15":{"loc":{"start":{"line":121,"column":2},"end":{"line":121,"column":25}},"type":"if","locations":[{"start":{"line":121,"column":2},"end":{"line":121,"column":25}},{"start":{},"end":{}}],"line":121},"16":{"loc":{"start":{"line":161,"column":4},"end":{"line":161,"column":27}},"type":"if","locations":[{"start":{"line":161,"column":4},"end":{"line":161,"column":27}},{"start":{},"end":{}}],"line":161},"17":{"loc":{"start":{"line":164,"column":4},"end":{"line":167,"column":5}},"type":"if","locations":[{"start":{"line":164,"column":4},"end":{"line":167,"column":5}},{"start":{},"end":{}}],"line":164},"18":{"loc":{"start":{"line":164,"column":8},"end":{"line":164,"column":42}},"type":"binary-expr","locations":[{"start":{"line":164,"column":8},"end":{"line":164,"column":15}},{"start":{"line":164,"column":19},"end":{"line":164,"column":42}}],"line":164},"19":{"loc":{"start":{"line":259,"column":0},"end":{"line":261,"column":1}},"type":"if","locations":[{"start":{"line":259,"column":0},"end":{"line":261,"column":1}},{"start":{},"end":{}}],"line":259}},"s":{"0":1,"1":9,"2":9,"3":9,"4":9,"5":11,"6":11,"7":11,"8":11,"9":11,"10":11,"11":11,"12":11,"13":11,"14":11,"15":11,"16":11,"17":11,"18":1,"19":1,"20":1,"21":1,"22":11,"23":6,"24":6,"25":1,"26":6,"27":6,"28":1,"29":5,"30":5,"31":2,"32":2,"33":1,"34":3,"35":3,"36":0,"37":3,"38":3,"39":0,"40":3,"41":3,"42":3,"43":1,"44":1,"45":33,"46":33,"47":23,"48":10,"49":10,"50":4,"51":4,"52":1,"53":1,"54":3,"55":1,"56":1},"f":{"0":9,"1":9,"2":11,"3":6,"4":2,"5":3,"6":1,"7":33,"8":3},"b":{"0":[9,1],"1":[9,9,3],"2":[11,2],"3":[9,2],"4":[0,2],"5":[11,0],"6":[9,2],"7":[0,2],"8":[1,10],"9":[1,5],"10":[6,1],"11":[1,5],"12":[1,1],"13":[0,3],"14":[3,0],"15":[0,3],"16":[23,10],"17":[4,6],"18":[10,10],"19":[1,0]},"_coverageSchema":"1a1c01bbd47fc00a2c39e90264f33305004495a9","hash":"a9664f5b0e8eeafbefed0bd4ea6e2206f6b50e62"}
,"/Users/thinwyyyy/phishing_detection/extension/content_scripts/outlook.js": {"path":"/Users/thinwyyyy/phishing_detection/extension/content_scripts/outlook.js","statementMap":{"0":{"start":{"line":11,"column":19},"end":{"line":11,"column":44}},"1":{"start":{"line":28,"column":20},"end":{"line":28,"column":69}},"2":{"start":{"line":29,"column":20},"end":{"line":30,"column":66}},"3":{"start":{"line":32,"column":2},"end":{"line":35,"column":4}},"4":{"start":{"line":44,"column":2},"end":{"line":44,"column":20}},"5":{"start":{"line":54,"column":23},"end":{"line":54,"column":78}},"6":{"start":{"line":55,"column":23},"end":{"line":55,"column":47}},"7":{"start":{"line":57,"column":18},"end":{"line":57,"column":79}},"8":{"start":{"line":58,"column":18},"end":{"line":58,"column":53}},"9":{"start":{"line":60,"column":16},"end":{"line":64,"column":49}},"10":{"start":{"line":66,"column":14},"end":{"line":66,"column":43}},"11":{"start":{"line":67,"column":2},"end":{"line":67,"column":22}},"12":{"start":{"line":68,"column":2},"end":{"line":81,"column":4}},"13":{"start":{"line":83,"column":15},"end":{"line":83,"column":45}},"14":{"start":{"line":84,"column":2},"end":{"line":84,"column":53}},"15":{"start":{"line":85,"column":2},"end":{"line":85,"column":24}},"16":{"start":{"line":87,"column":2},"end":{"line":92,"column":3}},"17":{"start":{"line":88,"column":22},"end":{"line":88,"column":51}},"18":{"start":{"line":89,"column":4},"end":{"line":89,"column":75}},"19":{"start":{"line":90,"column":4},"end":{"line":90,"column":38}},"20":{"start":{"line":91,"column":4},"end":{"line":91,"column":31}},"21":{"start":{"line":94,"column":2},"end":{"line":94,"column":13}},"22":{"start":{"line":99,"column":19},"end":{"line":99,"column":54}},"23":{"start":{"line":100,"column":2},"end":{"line":100,"column":34}},"24":{"start":{"line":100,"column":16},"end":{"line":100,"column":34}},"25":{"start":{"line":102,"column":20},"end":{"line":103,"column":66}},"26":{"start":{"line":104,"column":2},"end":{"line":104,"column":25}},"27":{"start":{"line":104,"column":18},"end":{"line":104,"column":25}},"28":{"start":{"line":106,"column":25},"end":{"line":106,"column":57}},"29":{"start":{"line":107,"column":2},"end":{"line":107,"column":36}},"30":{"start":{"line":112,"column":13},"end":{"line":112,"column":48}},"31":{"start":{"line":113,"column":2},"end":{"line":113,"column":22}},"32":{"start":{"line":113,"column":10},"end":{"line":113,"column":22}},"33":{"start":{"line":118,"column":19},"end":{"line":118,"column":54}},"34":{"start":{"line":119,"column":2},"end":{"line":119,"column":34}},"35":{"start":{"line":119,"column":16},"end":{"line":119,"column":34}},"36":{"start":{"line":121,"column":20},"end":{"line":122,"column":66}},"37":{"start":{"line":123,"column":2},"end":{"line":123,"column":25}},"38":{"start":{"line":123,"column":18},"end":{"line":123,"column":25}},"39":{"start":{"line":125,"column":18},"end":{"line":125,"column":47}},"40":{"start":{"line":126,"column":2},"end":{"line":143,"column":11}},"41":{"start":{"line":144,"column":2},"end":{"line":144,"column":40}},"42":{"start":{"line":157,"column":20},"end":{"line":157,"column":22}},"43":{"start":{"line":159,"column":19},"end":{"line":168,"column":4}},"44":{"start":{"line":160,"column":22},"end":{"line":160,"column":71}},"45":{"start":{"line":161,"column":4},"end":{"line":161,"column":27}},"46":{"start":{"line":161,"column":20},"end":{"line":161,"column":27}},"47":{"start":{"line":163,"column":20},"end":{"line":163,"column":48}},"48":{"start":{"line":164,"column":4},"end":{"line":167,"column":5}},"49":{"start":{"line":165,"column":6},"end":{"line":165,"column":28}},"50":{"start":{"line":166,"column":6},"end":{"line":166,"column":20}},"51":{"start":{"line":170,"column":2},"end":{"line":170,"column":70}},"52":{"start":{"line":171,"column":2},"end":{"line":171,"column":18}},"53":{"start":{"line":179,"column":2},"end":{"line":183,"column":29}},"54":{"start":{"line":256,"column":0},"end":{"line":258,"column":1}},"55":{"start":{"line":257,"column":2},"end":{"line":257,"column":143}}},"fnMap":{"0":{"name":"extractEmailFromDOM","decl":{"start":{"line":27,"column":9},"end":{"line":27,"column":28}},"loc":{"start":{"line":27,"column":31},"end":{"line":36,"column":1}},"line":27},"1":{"name":"getOverlayId","decl":{"start":{"line":43,"column":9},"end":{"line":43,"column":21}},"loc":{"start":{"line":43,"column":24},"end":{"line":45,"column":1}},"line":43},"2":{"name":"buildOverlayElement","decl":{"start":{"line":53,"column":9},"end":{"line":53,"column":28}},"loc":{"start":{"line":53,"column":65},"end":{"line":95,"column":1}},"line":53},"3":{"name":"injectOverlay","decl":{"start":{"line":98,"column":9},"end":{"line":98,"column":22}},"loc":{"start":{"line":98,"column":36},"end":{"line":108,"column":1}},"line":98},"4":{"name":"removeOverlay","decl":{"start":{"line":111,"column":9},"end":{"line":111,"column":22}},"loc":{"start":{"line":111,"column":25},"end":{"line":114,"column":1}},"line":111},"5":{"name":"injectScanning","decl":{"start":{"line":117,"column":9},"end":{"line":117,"column":23}},"loc":{"start":{"line":117,"column":26},"end":{"line":145,"column":1}},"line":117},"6":{"name":"watchForEmailOpen","decl":{"start":{"line":156,"column":9},"end":{"line":156,"column":26}},"loc":{"start":{"line":156,"column":40},"end":{"line":172,"column":1}},"line":156},"7":{"name":"(anonymous_7)","decl":{"start":{"line":159,"column":40},"end":{"line":159,"column":41}},"loc":{"start":{"line":159,"column":46},"end":{"line":168,"column":3}},"line":159},"8":{"name":"_escapeHtml","decl":{"start":{"line":178,"column":9},"end":{"line":178,"column":20}},"loc":{"start":{"line":178,"column":26},"end":{"line":184,"column":1}},"line":178}},"branchMap":{"0":{"loc":{"start":{"line":29,"column":20},"end":{"line":30,"column":66}},"type":"binary-expr","locations":[{"start":{"line":29,"column":20},"end":{"line":29,"column":79}},{"start":{"line":30,"column":20},"end":{"line":30,"column":66}}],"line":29},"1":{"loc":{"start":{"line":33,"column":14},"end":{"line":33,"column":42}},"type":"binary-expr","locations":[{"start":{"line":33,"column":14},"end":{"line":33,"column":36}},{"start":{"line":33,"column":40},"end":{"line":33,"column":42}}],"line":33},"2":{"loc":{"start":{"line":34,"column":14},"end":{"line":34,"column":65}},"type":"binary-expr","locations":[{"start":{"line":34,"column":14},"end":{"line":34,"column":31}},{"start":{"line":34,"column":40},"end":{"line":34,"column":59}},{"start":{"line":34,"column":63},"end":{"line":34,"column":65}}],"line":34},"3":{"loc":{"start":{"line":54,"column":23},"end":{"line":54,"column":78}},"type":"binary-expr","locations":[{"start":{"line":54,"column":23},"end":{"line":54,"column":45}},{"start":{"line":54,"column":49},"end":{"line":54,"column":78}}],"line":54},"4":{"loc":{"start":{"line":57,"column":18},"end":{"line":57,"column":79}},"type":"cond-expr","locations":[{"start":{"line":57,"column":31},"end":{"line":57,"column":40}},{"start":{"line":57,"column":43},"end":{"line":57,"column":79}}],"line":57},"5":{"loc":{"start":{"line":57,"column":43},"end":{"line":57,"column":79}},"type":"cond-expr","locations":[{"start":{"line":57,"column":58},"end":{"line":57,"column":67}},{"start":{"line":57,"column":70},"end":{"line":57,"column":79}}],"line":57},"6":{"loc":{"start":{"line":58,"column":30},"end":{"line":58,"column":45}},"type":"binary-expr","locations":[{"start":{"line":58,"column":30},"end":{"line":58,"column":40}},{"start":{"line":58,"column":44},"end":{"line":58,"column":45}}],"line":58},"7":{"loc":{"start":{"line":60,"column":16},"end":{"line":64,"column":49}},"type":"cond-expr","locations":[{"start":{"line":61,"column":6},"end":{"line":61,"column":35}},{"start":{"line":62,"column":6},"end":{"line":64,"column":49}}],"line":60},"8":{"loc":{"start":{"line":62,"column":6},"end":{"line":64,"column":49}},"type":"cond-expr","locations":[{"start":{"line":63,"column":8},"end":{"line":63,"column":36}},{"start":{"line":64,"column":8},"end":{"line":64,"column":49}}],"line":62},"9":{"loc":{"start":{"line":87,"column":2},"end":{"line":92,"column":3}},"type":"if","locations":[{"start":{"line":87,"column":2},"end":{"line":92,"column":3}},{"start":{},"end":{}}],"line":87},"10":{"loc":{"start":{"line":100,"column":2},"end":{"line":100,"column":34}},"type":"if","locations":[{"start":{"line":100,"column":2},"end":{"line":100,"column":34}},{"start":{},"end":{}}],"line":100},"11":{"loc":{"start":{"line":102,"column":20},"end":{"line":103,"column":66}},"type":"binary-expr","locations":[{"start":{"line":102,"column":20},"end":{"line":102,"column":79}},{"start":{"line":103,"column":20},"end":{"line":103,"column":66}}],"line":102},"12":{"loc":{"start":{"line":104,"column":2},"end":{"line":104,"column":25}},"type":"if","locations":[{"start":{"line":104,"column":2},"end":{"line":104,"column":25}},{"start":{},"end":{}}],"line":104},"13":{"loc":{"start":{"line":113,"column":2},"end":{"line":113,"column":22}},"type":"if","locations":[{"start":{"line":113,"column":2},"end":{"line":113,"column":22}},{"start":{},"end":{}}],"line":113},"14":{"loc":{"start":{"line":119,"column":2},"end":{"line":119,"column":34}},"type":"if","locations":[{"start":{"line":119,"column":2},"end":{"line":119,"column":34}},{"start":{},"end":{}}],"line":119},"15":{"loc":{"start":{"line":121,"column":20},"end":{"line":122,"column":66}},"type":"binary-expr","locations":[{"start":{"line":121,"column":20},"end":{"line":121,"column":79}},{"start":{"line":122,"column":20},"end":{"line":122,"column":66}}],"line":121},"16":{"loc":{"start":{"line":123,"column":2},"end":{"line":123,"column":25}},"type":"if","locations":[{"start":{"line":123,"column":2},"end":{"line":123,"column":25}},{"start":{},"end":{}}],"line":123},"17":{"loc":{"start":{"line":161,"column":4},"end":{"line":161,"column":27}},"type":"if","locations":[{"start":{"line":161,"column":4},"end":{"line":161,"column":27}},{"start":{},"end":{}}],"line":161},"18":{"loc":{"start":{"line":164,"column":4},"end":{"line":167,"column":5}},"type":"if","locations":[{"start":{"line":164,"column":4},"end":{"line":167,"column":5}},{"start":{},"end":{}}],"line":164},"19":{"loc":{"start":{"line":164,"column":8},"end":{"line":164,"column":42}},"type":"binary-expr","locations":[{"start":{"line":164,"column":8},"end":{"line":164,"column":15}},{"start":{"line":164,"column":19},"end":{"line":164,"column":42}}],"line":164},"20":{"loc":{"start":{"line":256,"column":0},"end":{"line":258,"column":1}},"type":"if","locations":[{"start":{"line":256,"column":0},"end":{"line":258,"column":1}},{"start":{},"end":{}}],"line":256}},"s":{"0":1,"1":8,"2":8,"3":8,"4":7,"5":11,"6":11,"7":11,"8":11,"9":11,"10":11,"11":11,"12":11,"13":11,"14":11,"15":11,"16":11,"17":0,"18":0,"19":0,"20":0,"21":11,"22":7,"23":7,"24":1,"25":7,"26":7,"27":1,"28":6,"29":6,"30":2,"31":2,"32":1,"33":3,"34":3,"35":0,"36":3,"37":3,"38":0,"39":3,"40":3,"41":3,"42":1,"43":1,"44":36,"45":36,"46":26,"47":10,"48":10,"49":3,"50":3,"51":1,"52":1,"53":0,"54":1,"55":1},"f":{"0":8,"1":7,"2":11,"3":7,"4":2,"5":3,"6":1,"7":36,"8":0},"b":{"0":[8,2],"1":[8,1],"2":[8,8,1],"3":[11,2],"4":[9,2],"5":[0,2],"6":[11,0],"7":[9,2],"8":[0,2],"9":[0,11],"10":[1,6],"11":[7,2],"12":[1,6],"13":[1,1],"14":[0,3],"15":[3,0],"16":[0,3],"17":[26,10],"18":[3,7],"19":[10,10],"20":[1,0]},"_coverageSchema":"1a1c01bbd47fc00a2c39e90264f33305004495a9","hash":"253b624b9e26a89dea7699692b1bc6b8c3ec1223"}
,"/Users/thinwyyyy/phishing_detection/extension/content_scripts/sentra_bridge.js": {"path":"/Users/thinwyyyy/phishing_detection/extension/content_scripts/sentra_bridge.js","statementMap":{"0":{"start":{"line":11,"column":0},"end":{"line":36,"column":5}},"1":{"start":{"line":12,"column":13},"end":{"line":12,"column":55}},"2":{"start":{"line":14,"column":2},"end":{"line":18,"column":3}},"3":{"start":{"line":16,"column":4},"end":{"line":16,"column":61}},"4":{"start":{"line":17,"column":4},"end":{"line":17,"column":11}},"5":{"start":{"line":21,"column":2},"end":{"line":25,"column":3}},"6":{"start":{"line":22,"column":4},"end":{"line":22,"column":38}},"7":{"start":{"line":24,"column":4},"end":{"line":24,"column":11}},"8":{"start":{"line":27,"column":2},"end":{"line":35,"column":3}},"9":{"start":{"line":28,"column":4},"end":{"line":32,"column":7}},"10":{"start":{"line":34,"column":4},"end":{"line":34,"column":61}}},"fnMap":{"0":{"name":"sentraBridge","decl":{"start":{"line":11,"column":10},"end":{"line":11,"column":22}},"loc":{"start":{"line":11,"column":25},"end":{"line":36,"column":1}},"line":11}},"branchMap":{"0":{"loc":{"start":{"line":14,"column":2},"end":{"line":18,"column":3}},"type":"if","locations":[{"start":{"line":14,"column":2},"end":{"line":18,"column":3}},{"start":{},"end":{}}],"line":14},"1":{"loc":{"start":{"line":14,"column":6},"end":{"line":14,"column":28}},"type":"binary-expr","locations":[{"start":{"line":14,"column":6},"end":{"line":14,"column":9}},{"start":{"line":14,"column":13},"end":{"line":14,"column":28}}],"line":14},"2":{"loc":{"start":{"line":27,"column":2},"end":{"line":35,"column":3}},"type":"if","locations":[{"start":{"line":27,"column":2},"end":{"line":35,"column":3}},{"start":{"line":33,"column":9},"end":{"line":35,"column":3}}],"line":27},"3":{"loc":{"start":{"line":27,"column":6},"end":{"line":27,"column":24}},"type":"binary-expr","locations":[{"start":{"line":27,"column":6},"end":{"line":27,"column":10}},{"start":{"line":27,"column":14},"end":{"line":27,"column":24}}],"line":27},"4":{"loc":{"start":{"line":31,"column":13},"end":{"line":31,"column":29}},"type":"binary-expr","locations":[{"start":{"line":31,"column":13},"end":{"line":31,"column":23}},{"start":{"line":31,"column":27},"end":{"line":31,"column":29}}],"line":31}},"s":{"0":6,"1":6,"2":6,"3":2,"4":2,"5":4,"6":4,"7":1,"8":3,"9":2,"10":1},"f":{"0":6},"b":{"0":[2,4],"1":[6,5],"2":[2,1],"3":[3,3],"4":[2,1]},"_coverageSchema":"1a1c01bbd47fc00a2c39e90264f33305004495a9","hash":"36806109289e2c924f0ff275686d84c8c09356bc"}
,"/Users/thinwyyyy/phishing_detection/extension/utils/api.js": {"path":"/Users/thinwyyyy/phishing_detection/extension/utils/api.js","statementMap":{"0":{"start":{"line":7,"column":24},"end":{"line":7,"column":47}},"1":{"start":{"line":19,"column":14},"end":{"line":26,"column":4}},"2":{"start":{"line":27,"column":2},"end":{"line":27,"column":48}},"3":{"start":{"line":27,"column":15},"end":{"line":27,"column":48}},"4":{"start":{"line":28,"column":2},"end":{"line":28,"column":20}},"5":{"start":{"line":41,"column":14},"end":{"line":48,"column":4}},"6":{"start":{"line":49,"column":2},"end":{"line":49,"column":48}},"7":{"start":{"line":49,"column":15},"end":{"line":49,"column":48}},"8":{"start":{"line":50,"column":2},"end":{"line":50,"column":20}},"9":{"start":{"line":62,"column":14},"end":{"line":66,"column":4}},"10":{"start":{"line":67,"column":2},"end":{"line":67,"column":48}},"11":{"start":{"line":67,"column":15},"end":{"line":67,"column":48}},"12":{"start":{"line":68,"column":2},"end":{"line":68,"column":20}},"13":{"start":{"line":82,"column":2},"end":{"line":93,"column":3}},"14":{"start":{"line":82,"column":15},"end":{"line":82,"column":16}},"15":{"start":{"line":83,"column":4},"end":{"line":83,"column":56}},"16":{"start":{"line":83,"column":29},"end":{"line":83,"column":54}},"17":{"start":{"line":84,"column":16},"end":{"line":86,"column":6}},"18":{"start":{"line":87,"column":4},"end":{"line":87,"column":50}},"19":{"start":{"line":87,"column":17},"end":{"line":87,"column":50}},"20":{"start":{"line":88,"column":17},"end":{"line":88,"column":33}},"21":{"start":{"line":89,"column":17},"end":{"line":89,"column":32}},"22":{"start":{"line":90,"column":4},"end":{"line":90,"column":48}},"23":{"start":{"line":90,"column":36},"end":{"line":90,"column":48}},"24":{"start":{"line":91,"column":4},"end":{"line":91,"column":79}},"25":{"start":{"line":91,"column":34},"end":{"line":91,"column":79}},"26":{"start":{"line":94,"column":2},"end":{"line":94,"column":36}}},"fnMap":{"0":{"name":"scanEmail","decl":{"start":{"line":18,"column":15},"end":{"line":18,"column":24}},"loc":{"start":{"line":18,"column":59},"end":{"line":29,"column":1}},"line":18},"1":{"name":"registerInstance","decl":{"start":{"line":40,"column":15},"end":{"line":40,"column":31}},"loc":{"start":{"line":40,"column":64},"end":{"line":51,"column":1}},"line":40},"2":{"name":"sendHeartbeat","decl":{"start":{"line":61,"column":15},"end":{"line":61,"column":28}},"loc":{"start":{"line":61,"column":52},"end":{"line":69,"column":1}},"line":61},"3":{"name":"pollScanResult","decl":{"start":{"line":81,"column":15},"end":{"line":81,"column":29}},"loc":{"start":{"line":81,"column":93},"end":{"line":95,"column":1}},"line":81},"4":{"name":"(anonymous_4)","decl":{"start":{"line":83,"column":22},"end":{"line":83,"column":23}},"loc":{"start":{"line":83,"column":29},"end":{"line":83,"column":54}},"line":83}},"branchMap":{"0":{"loc":{"start":{"line":27,"column":2},"end":{"line":27,"column":48}},"type":"if","locations":[{"start":{"line":27,"column":2},"end":{"line":27,"column":48}},{"start":{},"end":{}}],"line":27},"1":{"loc":{"start":{"line":49,"column":2},"end":{"line":49,"column":48}},"type":"if","locations":[{"start":{"line":49,"column":2},"end":{"line":49,"column":48}},{"start":{},"end":{}}],"line":49},"2":{"loc":{"start":{"line":67,"column":2},"end":{"line":67,"column":48}},"type":"if","locations":[{"start":{"line":67,"column":2},"end":{"line":67,"column":48}},{"start":{},"end":{}}],"line":67},"3":{"loc":{"start":{"line":81,"column":56},"end":{"line":81,"column":72}},"type":"default-arg","locations":[{"start":{"line":81,"column":70},"end":{"line":81,"column":72}}],"line":81},"4":{"loc":{"start":{"line":81,"column":74},"end":{"line":81,"column":91}},"type":"default-arg","locations":[{"start":{"line":81,"column":87},"end":{"line":81,"column":91}}],"line":81},"5":{"loc":{"start":{"line":87,"column":4},"end":{"line":87,"column":50}},"type":"if","locations":[{"start":{"line":87,"column":4},"end":{"line":87,"column":50}},{"start":{},"end":{}}],"line":87},"6":{"loc":{"start":{"line":89,"column":17},"end":{"line":89,"column":32}},"type":"binary-expr","locations":[{"start":{"line":89,"column":17},"end":{"line":89,"column":26}},{"start":{"line":89,"column":30},"end":{"line":89,"column":32}}],"line":89},"7":{"loc":{"start":{"line":90,"column":4},"end":{"line":90,"column":48}},"type":"if","locations":[{"start":{"line":90,"column":4},"end":{"line":90,"column":48}},{"start":{},"end":{}}],"line":90},"8":{"loc":{"start":{"line":91,"column":4},"end":{"line":91,"column":79}},"type":"if","locations":[{"start":{"line":91,"column":4},"end":{"line":91,"column":79}},{"start":{},"end":{}}],"line":91},"9":{"loc":{"start":{"line":91,"column":50},"end":{"line":91,"column":77}},"type":"binary-expr","locations":[{"start":{"line":91,"column":50},"end":{"line":91,"column":60}},{"start":{"line":91,"column":64},"end":{"line":91,"column":77}}],"line":91}},"s":{"0":2,"1":9,"2":8,"3":2,"4":6,"5":12,"6":9,"7":1,"8":8,"9":7,"10":6,"11":1,"12":5,"13":6,"14":6,"15":9,"16":9,"17":9,"18":9,"19":1,"20":8,"21":8,"22":8,"23":3,"24":5,"25":1,"26":1},"f":{"0":9,"1":12,"2":7,"3":6,"4":9},"b":{"0":[2,6],"1":[1,8],"2":[1,5],"3":[0],"4":[0],"5":[1,8],"6":[8,0],"7":[3,5],"8":[1,4],"9":[1,0]},"_coverageSchema":"1a1c01bbd47fc00a2c39e90264f33305004495a9","hash":"895e2cc92321d58c53fda36f4a53e2617e9d3e81"}
}
