TN:
SF:background/service-worker.js
FN:31,_getStorage
FN:39,_apiUrl
FN:47,(anonymous_2)
FN:70,(anonymous_3)
FN:87,(anonymous_4)
FN:104,_handleSetAuthToken
FN:132,_handleScanRequest
FN:169,_detectBrowser
FN:177,_detectOS
FN:191,_cacheScanResult
FNF:10
FNH:10
FNDA:16,_getStorage
FNDA:9,_apiUrl
FNDA:5,(anonymous_2)
FNDA:4,(anonymous_3)
FNDA:10,(anonymous_4)
FNDA:4,_handleSetAuthToken
FNDA:4,_handleScanRequest
FNDA:10,_detectBrowser
FNDA:12,_detectOS
FNDA:12,_cacheScanResult
DA:24,1
DA:25,1
DA:32,16
DA:40,9
DA:47,1
DA:48,5
DA:49,5
DA:51,4
DA:52,4
DA:53,4
DA:54,4
DA:55,3
DA:56,2
DA:60,1
DA:68,1
DA:70,1
DA:71,4
DA:73,3
DA:74,3
DA:76,2
DA:77,2
DA:79,1
DA:87,1
DA:88,10
DA:89,4
DA:90,4
DA:93,6
DA:94,1
DA:95,1
DA:98,5
DA:100,4
DA:101,4
DA:105,4
DA:106,4
DA:108,4
DA:114,4
DA:115,3
DA:116,3
DA:117,3
DA:118,3
DA:123,1
DA:124,1
DA:127,2
DA:133,4
DA:135,4
DA:136,1
DA:137,1
DA:140,3
DA:141,3
DA:148,2
DA:150,1
DA:151,1
DA:152,1
DA:153,1
DA:156,1
DA:158,0
DA:161,1
DA:170,10
DA:171,10
DA:172,10
DA:173,9
DA:174,8
DA:178,12
DA:179,12
DA:180,12
DA:181,11
DA:182,10
DA:183,9
DA:184,8
DA:192,12
DA:193,12
DA:199,12
DA:200,12
DA:204,1
DA:205,1
LF:75
LH:74
BRDA:40,0,0,9
BRDA:40,0,1,5
BRDA:49,1,0,1
BRDA:49,1,1,4
BRDA:55,2,0,2
BRDA:55,2,1,1
BRDA:55,3,0,3
BRDA:55,3,1,3
BRDA:55,3,2,3
BRDA:71,4,0,1
BRDA:71,4,1,3
BRDA:74,5,0,1
BRDA:74,5,1,2
BRDA:88,6,0,4
BRDA:88,6,1,6
BRDA:93,7,0,1
BRDA:93,7,1,5
BRDA:98,8,0,1
BRDA:98,8,1,4
BRDA:114,9,0,3
BRDA:114,9,1,1
BRDA:114,10,0,4
BRDA:114,10,1,1
BRDA:123,11,0,1
BRDA:123,11,1,0
BRDA:123,12,0,1
BRDA:123,12,1,1
BRDA:123,12,2,1
BRDA:135,13,0,1
BRDA:135,13,1,3
BRDA:144,14,0,3
BRDA:144,14,1,1
BRDA:145,15,0,3
BRDA:145,15,1,0
BRDA:148,16,0,1
BRDA:148,16,1,1
BRDA:148,17,0,2
BRDA:148,17,1,2
BRDA:148,17,2,2
BRDA:153,18,0,1
BRDA:153,18,1,0
BRDA:153,19,0,1
BRDA:153,19,1,1
BRDA:153,19,2,1
BRDA:170,20,0,0
BRDA:170,20,1,10
BRDA:172,21,0,1
BRDA:172,21,1,9
BRDA:172,22,0,1
BRDA:172,22,1,0
BRDA:173,23,0,1
BRDA:173,23,1,8
BRDA:173,24,0,1
BRDA:173,24,1,0
BRDA:178,25,0,0
BRDA:178,25,1,12
BRDA:180,26,0,1
BRDA:180,26,1,11
BRDA:181,27,0,1
BRDA:181,27,1,10
BRDA:182,28,0,1
BRDA:182,28,1,9
BRDA:183,29,0,1
BRDA:183,29,1,8
BRDA:192,30,0,5
BRDA:194,31,0,12
BRDA:194,31,1,0
BRDA:194,32,0,12
BRDA:194,32,1,0
BRDA:204,33,0,1
BRDA:204,33,1,0
BRF:71
BRH:61
end_of_record
TN:
SF:content_scripts/gmail.js
FN:27,extractEmailFromDOM
FN:42,getOverlayId
FN:52,buildOverlayElement
FN:98,injectOverlay
FN:110,removeOverlay
FN:116,injectScanning
FN:156,watchForEmailOpen
FN:159,(anonymous_7)
FN:178,_escapeHtml
FNF:9
FNH:9
FNDA:9,extractEmailFromDOM
FNDA:9,getOverlayId
FNDA:11,buildOverlayElement
FNDA:6,injectOverlay
FNDA:2,removeOverlay
FNDA:3,injectScanning
FNDA:1,watchForEmailOpen
FNDA:33,(anonymous_7)
FNDA:3,_escapeHtml
DA:12,1
DA:28,9
DA:29,9
DA:31,9
DA:43,9
DA:53,11
DA:54,11
DA:56,11
DA:57,11
DA:58,11
DA:60,11
DA:66,11
DA:67,11
DA:68,11
DA:83,11
DA:84,11
DA:85,11
DA:87,11
DA:88,1
DA:89,1
DA:90,1
DA:91,1
DA:94,11
DA:99,6
DA:100,6
DA:102,6
DA:103,6
DA:105,5
DA:106,5
DA:111,2
DA:112,2
DA:117,3
DA:118,3
DA:120,3
DA:121,3
DA:123,3
DA:124,3
DA:142,3
DA:157,1
DA:159,1
DA:160,33
DA:161,33
DA:163,10
DA:164,10
DA:165,4
DA:166,4
DA:170,1
DA:171,1
DA:179,3
DA:259,1
DA:260,1
LF:51
LH:51
BRDA:32,0,0,9
BRDA:32,0,1,1
BRDA:33,1,0,9
BRDA:33,1,1,9
BRDA:33,1,2,3
BRDA:53,2,0,11
BRDA:53,2,1,2
BRDA:56,3,0,9
BRDA:56,3,1,2
BRDA:56,4,0,0
BRDA:56,4,1,2
BRDA:58,5,0,11
BRDA:58,5,1,0
BRDA:60,6,0,9
BRDA:60,6,1,2
BRDA:62,7,0,0
BRDA:62,7,1,2
BRDA:87,8,0,1
BRDA:87,8,1,10
BRDA:100,9,0,1
BRDA:100,9,1,5
BRDA:102,10,0,6
BRDA:102,10,1,1
BRDA:103,11,0,1
BRDA:103,11,1,5
BRDA:112,12,0,1
BRDA:112,12,1,1
BRDA:118,13,0,0
BRDA:118,13,1,3
BRDA:120,14,0,3
BRDA:120,14,1,0
BRDA:121,15,0,0
BRDA:121,15,1,3
BRDA:161,16,0,23
BRDA:161,16,1,10
BRDA:164,17,0,4
BRDA:164,17,1,6
BRDA:164,18,0,10
BRDA:164,18,1,10
BRDA:259,19,0,1
BRDA:259,19,1,0
BRF:41
BRH:34
end_of_record
TN:
SF:content_scripts/outlook.js
FN:27,extractEmailFromDOM
FN:43,getOverlayId
FN:53,buildOverlayElement
FN:98,injectOverlay
FN:111,removeOverlay
FN:117,injectScanning
FN:156,watchForEmailOpen
FN:159,(anonymous_7)
FN:178,_escapeHtml
FNF:9
FNH:8
FNDA:8,extractEmailFromDOM
FNDA:7,getOverlayId
FNDA:11,buildOverlayElement
FNDA:7,injectOverlay
FNDA:2,removeOverlay
FNDA:3,injectScanning
FNDA:1,watchForEmailOpen
FNDA:36,(anonymous_7)
FNDA:0,_escapeHtml
DA:11,1
DA:28,8
DA:29,8
DA:32,8
DA:44,7
DA:54,11
DA:55,11
DA:57,11
DA:58,11
DA:60,11
DA:66,11
DA:67,11
DA:68,11
DA:83,11
DA:84,11
DA:85,11
DA:87,11
DA:88,0
DA:89,0
DA:90,0
DA:91,0
DA:94,11
DA:99,7
DA:100,7
DA:102,7
DA:104,7
DA:106,6
DA:107,6
DA:112,2
DA:113,2
DA:118,3
DA:119,3
DA:121,3
DA:123,3
DA:125,3
DA:126,3
DA:144,3
DA:157,1
DA:159,1
DA:160,36
DA:161,36
DA:163,10
DA:164,10
DA:165,3
DA:166,3
DA:170,1
DA:171,1
DA:179,0
DA:256,1
DA:257,1
LF:50
LH:45
BRDA:29,0,0,8
BRDA:29,0,1,2
BRDA:33,1,0,8
BRDA:33,1,1,1
BRDA:34,2,0,8
BRDA:34,2,1,8
BRDA:34,2,2,1
BRDA:54,3,0,11
BRDA:54,3,1,2
BRDA:57,4,0,9
BRDA:57,4,1,2
BRDA:57,5,0,0
BRDA:57,5,1,2
BRDA:58,6,0,11
BRDA:58,6,1,0
BRDA:60,7,0,9
BRDA:60,7,1,2
BRDA:62,8,0,0
BRDA:62,8,1,2
BRDA:87,9,0,0
BRDA:87,9,1,11
BRDA:100,10,0,1
BRDA:100,10,1,6
BRDA:102,11,0,7
BRDA:102,11,1,2
BRDA:104,12,0,1
BRDA:104,12,1,6
BRDA:113,13,0,1
BRDA:113,13,1,1
BRDA:119,14,0,0
BRDA:119,14,1,3
BRDA:121,15,0,3
BRDA:121,15,1,0
BRDA:123,16,0,0
BRDA:123,16,1,3
BRDA:161,17,0,26
BRDA:161,17,1,10
BRDA:164,18,0,3
BRDA:164,18,1,7
BRDA:164,19,0,10
BRDA:164,19,1,10
BRDA:256,20,0,1
BRDA:256,20,1,0
BRF:43
BRH:35
end_of_record
TN:
SF:content_scripts/sentra_bridge.js
FN:11,sentraBridge
FNF:1
FNH:1
FNDA:6,sentraBridge
DA:11,6
DA:12,6
DA:14,6
DA:16,2
DA:17,2
DA:21,4
DA:22,4
DA:24,1
DA:27,3
DA:28,2
DA:34,1
LF:11
LH:11
BRDA:14,0,0,2
BRDA:14,0,1,4
BRDA:14,1,0,6
BRDA:14,1,1,5
BRDA:27,2,0,2
BRDA:27,2,1,1
BRDA:27,3,0,3
BRDA:27,3,1,3
BRDA:31,4,0,2
BRDA:31,4,1,1
BRF:10
BRH:10
end_of_record
TN:
SF:utils/api.js
FN:18,scanEmail
FN:40,registerInstance
FN:61,sendHeartbeat
FN:81,pollScanResult
FN:83,(anonymous_4)
FNF:5
FNH:5
FNDA:9,scanEmail
FNDA:12,registerInstance
FNDA:7,sendHeartbeat
FNDA:6,pollScanResult
FNDA:9,(anonymous_4)
DA:7,2
DA:19,9
DA:27,8
DA:28,6
DA:41,12
DA:49,9
DA:50,8
DA:62,7
DA:67,6
DA:68,5
DA:82,6
DA:83,9
DA:84,9
DA:87,9
DA:88,8
DA:89,8
DA:90,8
DA:91,5
DA:94,1
LF:19
LH:19
BRDA:27,0,0,2
BRDA:27,0,1,6
BRDA:49,1,0,1
BRDA:49,1,1,8
BRDA:67,2,0,1
BRDA:67,2,1,5
BRDA:81,3,0,0
BRDA:81,4,0,0
BRDA:87,5,0,1
BRDA:87,5,1,8
BRDA:89,6,0,8
BRDA:89,6,1,0
BRDA:90,7,0,3
BRDA:90,7,1,5
BRDA:91,8,0,1
BRDA:91,8,1,4
BRDA:91,9,0,1
BRDA:91,9,1,0
BRF:18
BRH:14
end_of_record
