TN:
SF:background/service-worker.js
FN:31,_getStorage
FN:40,_apiUrl
FN:48,(anonymous_2)
FN:71,(anonymous_3)
FN:88,(anonymous_4)
FN:105,_handleSetAuthToken
FN:134,_handleScanRequest
FN:172,_detectBrowser
FN:180,_detectOS
FN:194,_cacheScanResult
FNF:10
FNH:10
FNDA:16,_getStorage
FNDA:9,_apiUrl
FNDA:5,(anonymous_2)
FNDA:4,(anonymous_3)
FNDA:10,(anonymous_4)
FNDA:4,_handleSetAuthToken
FNDA:4,_handleScanRequest
FNDA:10,_detectBrowser
FNDA:12,_detectOS
FNDA:12,_cacheScanResult
DA:24,1
DA:25,1
DA:32,16
DA:41,9
DA:48,1
DA:49,5
DA:50,5
DA:52,4
DA:53,4
DA:54,4
DA:55,4
DA:56,3
DA:57,2
DA:61,1
DA:69,1
DA:71,1
DA:72,4
DA:74,3
DA:75,3
DA:77,2
DA:78,2
DA:80,1
DA:88,1
DA:89,10
DA:90,4
DA:91,4
DA:94,6
DA:95,1
DA:96,1
DA:99,5
DA:101,4
DA:102,4
DA:106,4
DA:107,4
DA:109,4
DA:116,4
DA:117,3
DA:118,3
DA:119,3
DA:120,3
DA:125,1
DA:126,1
DA:129,2
DA:135,4
DA:137,4
DA:138,1
DA:139,1
DA:142,3
DA:143,3
DA:151,2
DA:153,1
DA:154,1
DA:155,1
DA:156,1
DA:159,1
DA:161,0
DA:164,1
DA:173,10
DA:174,10
DA:175,10
DA:176,9
DA:177,8
DA:181,12
DA:182,12
DA:183,12
DA:184,11
DA:185,10
DA:186,9
DA:187,8
DA:195,12
DA:196,12
DA:202,12
DA:203,12
DA:207,1
DA:208,1
LF:75
LH:74
BRDA:41,0,0,9
BRDA:41,0,1,5
BRDA:50,1,0,1
BRDA:50,1,1,4
BRDA:56,2,0,2
BRDA:56,2,1,1
BRDA:56,3,0,3
BRDA:56,3,1,3
BRDA:56,3,2,3
BRDA:72,4,0,1
BRDA:72,4,1,3
BRDA:75,5,0,1
BRDA:75,5,1,2
BRDA:89,6,0,4
BRDA:89,6,1,6
BRDA:94,7,0,1
BRDA:94,7,1,5
BRDA:99,8,0,1
BRDA:99,8,1,4
BRDA:112,9,0,4
BRDA:112,9,1,4
BRDA:116,10,0,3
BRDA:116,10,1,1
BRDA:116,11,0,4
BRDA:116,11,1,1
BRDA:125,12,0,1
BRDA:125,12,1,0
BRDA:125,13,0,1
BRDA:125,13,1,1
BRDA:125,13,2,1
BRDA:137,14,0,1
BRDA:137,14,1,3
BRDA:146,15,0,3
BRDA:146,15,1,1
BRDA:147,16,0,3
BRDA:147,16,1,0
BRDA:151,17,0,1
BRDA:151,17,1,1
BRDA:151,18,0,2
BRDA:151,18,1,2
BRDA:151,18,2,2
BRDA:156,19,0,1
BRDA:156,19,1,0
BRDA:156,20,0,1
BRDA:156,20,1,1
BRDA:156,20,2,1
BRDA:173,21,0,0
BRDA:173,21,1,10
BRDA:175,22,0,1
BRDA:175,22,1,9
BRDA:175,23,0,1
BRDA:175,23,1,0
BRDA:176,24,0,1
BRDA:176,24,1,8
BRDA:176,25,0,1
BRDA:176,25,1,0
BRDA:181,26,0,0
BRDA:181,26,1,12
BRDA:183,27,0,1
BRDA:183,27,1,11
BRDA:184,28,0,1
BRDA:184,28,1,10
BRDA:185,29,0,1
BRDA:185,29,1,9
BRDA:186,30,0,1
BRDA:186,30,1,8
BRDA:195,31,0,5
BRDA:197,32,0,12
BRDA:197,32,1,0
BRDA:197,33,0,12
BRDA:197,33,1,0
BRDA:207,34,0,1
BRDA:207,34,1,0
BRF:73
BRH:63
end_of_record
TN:
SF:content_scripts/gmail.js
FN:34,_dict
FN:51,extractEmailFromDOM
FN:66,getOverlayId
FN:76,buildOverlayElement
FN:123,injectOverlay
FN:135,removeOverlay
FN:141,injectScanning
FN:182,watchForEmailOpen
FN:185,(anonymous_8)
FN:204,_escapeHtml
FNF:10
FNH:10
FNDA:17,_dict
FNDA:9,extractEmailFromDOM
FNDA:9,getOverlayId
FNDA:11,buildOverlayElement
FNDA:6,injectOverlay
FNDA:2,removeOverlay
FNDA:3,injectScanning
FNDA:1,watchForEmailOpen
FNDA:33,(anonymous_8)
FNDA:3,_escapeHtml
DA:12,1
DA:13,1
DA:35,17
DA:52,9
DA:53,9
DA:55,9
DA:67,9
DA:77,11
DA:78,11
DA:79,11
DA:81,11
DA:82,11
DA:83,11
DA:85,11
DA:91,11
DA:92,11
DA:93,11
DA:108,11
DA:109,11
DA:110,11
DA:112,11
DA:113,1
DA:114,1
DA:115,1
DA:116,1
DA:119,11
DA:124,6
DA:125,6
DA:127,6
DA:128,6
DA:130,5
DA:131,5
DA:136,2
DA:137,2
DA:142,3
DA:143,3
DA:144,3
DA:146,3
DA:147,3
DA:149,3
DA:150,3
DA:168,3
DA:183,1
DA:185,1
DA:186,33
DA:187,33
DA:189,10
DA:190,10
DA:191,4
DA:192,4
DA:196,1
DA:197,1
DA:205,3
DA:304,1
DA:305,1
LF:55
LH:55
BRDA:35,0,0,17
BRDA:35,0,1,0
BRDA:56,1,0,9
BRDA:56,1,1,1
BRDA:57,2,0,9
BRDA:57,2,1,9
BRDA:57,2,2,3
BRDA:76,3,0,11
BRDA:78,4,0,11
BRDA:78,4,1,2
BRDA:81,5,0,9
BRDA:81,5,1,2
BRDA:81,6,0,0
BRDA:81,6,1,2
BRDA:83,7,0,11
BRDA:83,7,1,0
BRDA:85,8,0,9
BRDA:85,8,1,2
BRDA:87,9,0,0
BRDA:87,9,1,2
BRDA:112,10,0,1
BRDA:112,10,1,10
BRDA:125,11,0,1
BRDA:125,11,1,5
BRDA:127,12,0,6
BRDA:127,12,1,1
BRDA:128,13,0,1
BRDA:128,13,1,5
BRDA:137,14,0,1
BRDA:137,14,1,1
BRDA:141,15,0,0
BRDA:144,16,0,0
BRDA:144,16,1,3
BRDA:146,17,0,3
BRDA:146,17,1,0
BRDA:147,18,0,0
BRDA:147,18,1,3
BRDA:187,19,0,23
BRDA:187,19,1,10
BRDA:190,20,0,4
BRDA:190,20,1,6
BRDA:190,21,0,10
BRDA:190,21,1,10
BRDA:304,22,0,1
BRDA:304,22,1,0
BRF:45
BRH:36
end_of_record
TN:
SF:content_scripts/outlook.js
FN:33,_dict
FN:49,_findSubjectEl
FN:60,_getSubjectEl
FN:69,_getBodyContainer
FN:94,extractEmailFromDOM
FN:109,getOverlayId
FN:119,buildOverlayElement
FN:165,injectOverlay
FN:177,removeOverlay
FN:185,injectScanning
FN:225,watchForEmailOpen
FN:228,_checkSubject
FN:251,_escapeHtml
FNF:13
FNH:13
FNDA:17,_dict
FNDA:45,_findSubjectEl
FNDA:8,_getSubjectEl
FNDA:21,_getBodyContainer
FNDA:8,extractEmailFromDOM
FNDA:7,getOverlayId
FNDA:11,buildOverlayElement
FNDA:7,injectOverlay
FNDA:2,removeOverlay
FNDA:3,injectScanning
FNDA:1,watchForEmailOpen
FNDA:37,_checkSubject
FNDA:3,_escapeHtml
DA:11,1
DA:12,1
DA:34,17
DA:39,1
DA:50,45
DA:61,8
DA:70,21
DA:79,21
DA:80,73
DA:81,73
DA:82,19
DA:83,19
DA:87,2
DA:95,8
DA:96,8
DA:98,8
DA:110,7
DA:120,11
DA:121,11
DA:122,11
DA:124,11
DA:125,11
DA:127,11
DA:133,11
DA:134,11
DA:135,11
DA:150,11
DA:151,11
DA:152,11
DA:154,11
DA:155,0
DA:156,0
DA:157,0
DA:158,0
DA:161,11
DA:166,7
DA:167,7
DA:169,7
DA:170,7
DA:172,6
DA:173,6
DA:178,2
DA:179,4
DA:180,4
DA:186,3
DA:187,3
DA:188,3
DA:190,3
DA:191,3
DA:193,3
DA:194,3
DA:212,3
DA:226,1
DA:229,37
DA:230,37
DA:231,10
DA:232,10
DA:233,3
DA:234,3
DA:238,1
DA:239,1
DA:242,1
DA:244,1
DA:252,3
DA:356,1
DA:357,1
LF:66
LH:62
BRDA:34,0,0,17
BRDA:34,0,1,0
BRDA:50,1,0,45
BRDA:50,1,1,28
BRDA:50,1,2,28
BRDA:50,1,3,28
BRDA:81,2,0,19
BRDA:81,2,1,54
BRDA:99,3,0,8
BRDA:99,3,1,1
BRDA:100,4,0,8
BRDA:100,4,1,8
BRDA:100,4,2,1
BRDA:119,5,0,11
BRDA:121,6,0,11
BRDA:121,6,1,2
BRDA:124,7,0,9
BRDA:124,7,1,2
BRDA:124,8,0,0
BRDA:124,8,1,2
BRDA:125,9,0,11
BRDA:125,9,1,0
BRDA:127,10,0,9
BRDA:127,10,1,2
BRDA:129,11,0,0
BRDA:129,11,1,2
BRDA:154,12,0,0
BRDA:154,12,1,11
BRDA:167,13,0,1
BRDA:167,13,1,6
BRDA:170,14,0,1
BRDA:170,14,1,6
BRDA:180,15,0,1
BRDA:180,15,1,3
BRDA:185,16,0,0
BRDA:188,17,0,0
BRDA:188,17,1,3
BRDA:191,18,0,0
BRDA:191,18,1,3
BRDA:230,19,0,27
BRDA:230,19,1,10
BRDA:232,20,0,3
BRDA:232,20,1,7
BRDA:232,21,0,10
BRDA:232,21,1,10
BRDA:356,22,0,1
BRDA:356,22,1,0
BRF:47
BRH:38
end_of_record
TN:
SF:content_scripts/sentra_bridge.js
FN:11,sentraBridge
FNF:1
FNH:1
FNDA:6,sentraBridge
DA:11,6
DA:12,6
DA:14,6
DA:16,2
DA:17,2
DA:21,4
DA:22,4
DA:24,1
DA:27,3
DA:28,2
DA:35,1
LF:11
LH:11
BRDA:14,0,0,2
BRDA:14,0,1,4
BRDA:14,1,0,6
BRDA:14,1,1,5
BRDA:27,2,0,2
BRDA:27,2,1,1
BRDA:27,3,0,3
BRDA:27,3,1,3
BRDA:31,4,0,2
BRDA:31,4,1,1
BRDA:32,5,0,2
BRDA:32,5,1,2
BRF:12
BRH:12
end_of_record
TN:
SF:utils/api.js
FN:18,scanEmail
FN:41,registerInstance
FN:62,sendHeartbeat
FN:82,pollScanResult
FN:84,(anonymous_4)
FN:105,getSystemInfo
FNF:6
FNH:5
FNDA:9,scanEmail
FNDA:12,registerInstance
FNDA:7,sendHeartbeat
FNDA:6,pollScanResult
FNDA:9,(anonymous_4)
FNDA:0,getSystemInfo
DA:7,2
DA:19,9
DA:28,8
DA:29,6
DA:42,12
DA:50,9
DA:51,8
DA:63,7
DA:68,6
DA:69,5
DA:83,6
DA:84,9
DA:85,9
DA:88,9
DA:89,8
DA:90,8
DA:91,8
DA:92,5
DA:95,1
DA:106,0
DA:109,0
DA:110,0
LF:22
LH:19
BRDA:18,0,0,6
BRDA:28,1,0,2
BRDA:28,1,1,6
BRDA:50,2,0,1
BRDA:50,2,1,8
BRDA:68,3,0,1
BRDA:68,3,1,5
BRDA:82,4,0,0
BRDA:82,5,0,0
BRDA:88,6,0,1
BRDA:88,6,1,8
BRDA:90,7,0,8
BRDA:90,7,1,0
BRDA:91,8,0,3
BRDA:91,8,1,5
BRDA:92,9,0,1
BRDA:92,9,1,4
BRDA:92,10,0,1
BRDA:92,10,1,0
BRDA:109,11,0,0
BRDA:109,11,1,0
BRF:21
BRH:15
end_of_record
